2016-01-17 23:22:38 ERROR GuestService:48 - Error in write method/not find file
java.lang.ArrayIndexOutOfBoundsException: 10
	at com.danco.gloomezis.TxtWorker.writeGuests(TxtWorker.java:40)
	at com.danco.gloomezis.MainStorage.writeGuestToFile(MainStorage.java:84)
	at com.danco.serviñe.GuestService.writeGuestToFile(GuestService.java:46)
	at com.danco.command.guestCommand.WriteGuestToFile.execute(WriteGuestToFile.java:18)
	at com.danco.controller.MenuItems.doAction(MenuItems.java:34)
	at com.danco.controller.Navigator.Navigate(Navigator.java:75)
	at com.danco.controller.Controller.run(Controller.java:18)
	at com.danco.gloomezis.Main.main(Main.java:250)
2016-01-17 23:30:14 ERROR GuestService:111 - Wrong guest name
java.lang.NullPointerException
	at com.danco.storages.GuestStorage.showListOfService(GuestStorage.java:239)
	at com.danco.gloomezis.MainStorage.showListOfService(MainStorage.java:318)
	at com.danco.serviñe.GuestService.showListOfService(GuestService.java:109)
	at com.danco.command.guestCommand.ShowListOfService.execute(ShowListOfService.java:36)
	at com.danco.controller.MenuItems.doAction(MenuItems.java:34)
	at com.danco.controller.Navigator.Navigate(Navigator.java:75)
	at com.danco.controller.Controller.run(Controller.java:18)
	at com.danco.gloomezis.Main.main(Main.java:250)
2016-01-17 23:33:49 ERROR GuestService:85 - Wrong guest name
java.lang.NullPointerException
	at com.danco.storages.GuestStorage.showSummToPaidGuest(GuestStorage.java:269)
	at com.danco.gloomezis.MainStorage.showSummToPaidGuest(MainStorage.java:307)
	at com.danco.serviñe.GuestService.showSummToPaidGuest(GuestService.java:83)
	at com.danco.command.guestCommand.ShowSummToPaidGuest.execute(ShowSummToPaidGuest.java:28)
	at com.danco.controller.MenuItems.doAction(MenuItems.java:34)
	at com.danco.controller.Navigator.Navigate(Navigator.java:75)
	at com.danco.controller.Controller.run(Controller.java:18)
	at com.danco.gloomezis.Main.main(Main.java:250)
2016-01-17 23:34:41 ERROR InputManager:68 - Not correct input
java.util.InputMismatchException
	at java.util.Scanner.throwFor(Unknown Source)
	at java.util.Scanner.next(Unknown Source)
	at java.util.Scanner.nextInt(Unknown Source)
	at java.util.Scanner.nextInt(Unknown Source)
	at com.danco.command.InputManager.userInputInt(InputManager.java:66)
	at com.danco.command.hotelRoomCommand.AddRooms.execute(AddRooms.java:37)
	at com.danco.controller.MenuItems.doAction(MenuItems.java:34)
	at com.danco.controller.Navigator.Navigate(Navigator.java:75)
	at com.danco.controller.Controller.run(Controller.java:18)
	at com.danco.gloomezis.Main.main(Main.java:250)
2016-01-17 23:35:51 ERROR InputManager:68 - Not correct input
java.util.InputMismatchException
	at java.util.Scanner.throwFor(Unknown Source)
	at java.util.Scanner.next(Unknown Source)
	at java.util.Scanner.nextInt(Unknown Source)
	at java.util.Scanner.nextInt(Unknown Source)
	at com.danco.command.InputManager.userInputInt(InputManager.java:66)
	at com.danco.command.hotelRoomCommand.AddRooms.execute(AddRooms.java:40)
	at com.danco.controller.MenuItems.doAction(MenuItems.java:34)
	at com.danco.controller.Navigator.Navigate(Navigator.java:75)
	at com.danco.controller.Controller.run(Controller.java:18)
	at com.danco.gloomezis.Main.main(Main.java:250)
2016-01-17 23:36:11 ERROR InputManager:68 - Not correct input
java.util.InputMismatchException
	at java.util.Scanner.throwFor(Unknown Source)
	at java.util.Scanner.next(Unknown Source)
	at java.util.Scanner.nextInt(Unknown Source)
	at java.util.Scanner.nextInt(Unknown Source)
	at com.danco.command.InputManager.userInputInt(InputManager.java:66)
	at com.danco.command.hotelRoomCommand.AddRooms.execute(AddRooms.java:43)
	at com.danco.controller.MenuItems.doAction(MenuItems.java:34)
	at com.danco.controller.Navigator.Navigate(Navigator.java:75)
	at com.danco.controller.Controller.run(Controller.java:18)
	at com.danco.gloomezis.Main.main(Main.java:250)
2016-01-17 23:37:00 ERROR InputManager:68 - Not correct input
java.util.InputMismatchException
	at java.util.Scanner.throwFor(Unknown Source)
	at java.util.Scanner.next(Unknown Source)
	at java.util.Scanner.nextInt(Unknown Source)
	at java.util.Scanner.nextInt(Unknown Source)
	at com.danco.command.InputManager.userInputInt(InputManager.java:66)
	at com.danco.command.hotelRoomCommand.ChangePriceOfHotelRoom.execute(ChangePriceOfHotelRoom.java:32)
	at com.danco.controller.MenuItems.doAction(MenuItems.java:34)
	at com.danco.controller.Navigator.Navigate(Navigator.java:75)
	at com.danco.controller.Controller.run(Controller.java:18)
	at com.danco.gloomezis.Main.main(Main.java:250)
2016-01-17 23:41:49 ERROR InputManager:68 - Not correct input
java.util.InputMismatchException
	at java.util.Scanner.throwFor(Unknown Source)
	at java.util.Scanner.next(Unknown Source)
	at java.util.Scanner.nextInt(Unknown Source)
	at java.util.Scanner.nextInt(Unknown Source)
	at com.danco.command.InputManager.userInputInt(InputManager.java:66)
	at com.danco.command.hotelRoomCommand.ChangePriceOfHotelRoom.execute(ChangePriceOfHotelRoom.java:32)
	at com.danco.controller.MenuItems.doAction(MenuItems.java:34)
	at com.danco.controller.Navigator.Navigate(Navigator.java:75)
	at com.danco.controller.Controller.run(Controller.java:18)
	at com.danco.gloomezis.Main.main(Main.java:250)
2016-01-17 23:41:49 ERROR HotelRoomService:147 - Wrong hotel room name
java.lang.NullPointerException
	at com.danco.storages.HotelRoomStorage.changePriceOfHotelRoom(HotelRoomStorage.java:120)
	at com.danco.gloomezis.MainStorage.changePriceOfHotelRoom(MainStorage.java:242)
	at com.danco.serviñe.HotelRoomService.changePriceOfHotelRoom(HotelRoomService.java:145)
	at com.danco.command.hotelRoomCommand.ChangePriceOfHotelRoom.execute(ChangePriceOfHotelRoom.java:34)
	at com.danco.controller.MenuItems.doAction(MenuItems.java:34)
	at com.danco.controller.Navigator.Navigate(Navigator.java:75)
	at com.danco.controller.Controller.run(Controller.java:18)
	at com.danco.gloomezis.Main.main(Main.java:250)
2016-01-17 23:44:16 ERROR HotelRoomService:124 - Wrong hotel room name
java.lang.NullPointerException
	at com.danco.storages.HotelRoomStorage.changeStatus(HotelRoomStorage.java:131)
	at com.danco.gloomezis.MainStorage.changeStatus(MainStorage.java:207)
	at com.danco.serviñe.HotelRoomService.changeStatus(HotelRoomService.java:122)
	at com.danco.command.hotelRoomCommand.ChangeStatus.execute(ChangeStatus.java:28)
	at com.danco.controller.MenuItems.doAction(MenuItems.java:34)
	at com.danco.controller.Navigator.Navigate(Navigator.java:75)
	at com.danco.controller.Controller.run(Controller.java:18)
	at com.danco.gloomezis.Main.main(Main.java:250)
2016-01-17 23:44:39 ERROR HotelRoomService:124 - Wrong hotel room name
java.lang.NullPointerException
	at com.danco.storages.HotelRoomStorage.changeStatus(HotelRoomStorage.java:131)
	at com.danco.gloomezis.MainStorage.changeStatus(MainStorage.java:207)
	at com.danco.serviñe.HotelRoomService.changeStatus(HotelRoomService.java:122)
	at com.danco.command.hotelRoomCommand.ChangeStatus.execute(ChangeStatus.java:28)
	at com.danco.controller.MenuItems.doAction(MenuItems.java:34)
	at com.danco.controller.Navigator.Navigate(Navigator.java:75)
	at com.danco.controller.Controller.run(Controller.java:18)
	at com.danco.gloomezis.Main.main(Main.java:250)
2016-01-17 23:49:07 ERROR InputManager:88 - Not correct input
java.lang.NumberFormatException: For input string: "ada"
	at java.lang.NumberFormatException.forInputString(Unknown Source)
	at java.lang.Integer.parseInt(Unknown Source)
	at java.lang.Integer.parseInt(Unknown Source)
	at com.danco.command.InputManager.userInputDate(InputManager.java:85)
	at com.danco.command.hotelRoomCommand.ShowFreeRomsAfterDate.execute(ShowFreeRomsAfterDate.java:36)
	at com.danco.controller.MenuItems.doAction(MenuItems.java:34)
	at com.danco.controller.Navigator.Navigate(Navigator.java:75)
	at com.danco.controller.Controller.run(Controller.java:18)
	at com.danco.gloomezis.Main.main(Main.java:250)
2016-01-17 23:53:24 ERROR InputManager:88 - Not correct input
java.lang.NumberFormatException: For input string: "asd"
	at java.lang.NumberFormatException.forInputString(Unknown Source)
	at java.lang.Integer.parseInt(Unknown Source)
	at java.lang.Integer.parseInt(Unknown Source)
	at com.danco.command.InputManager.userInputDate(InputManager.java:85)
	at com.danco.command.hotelRoomCommand.ShowFreeRomsAfterDate.execute(ShowFreeRomsAfterDate.java:36)
	at com.danco.controller.MenuItems.doAction(MenuItems.java:34)
	at com.danco.controller.Navigator.Navigate(Navigator.java:75)
	at com.danco.controller.Controller.run(Controller.java:18)
	at com.danco.gloomezis.Main.main(Main.java:250)
2016-01-17 23:53:24 ERROR HotelRoomService:59 - Not correct date
java.lang.NullPointerException
	at com.danco.storages.HotelRoomStorage.showFreeRomsAfterDate(HotelRoomStorage.java:289)
	at com.danco.gloomezis.MainStorage.showFreeRomsAfterDate(MainStorage.java:141)
	at com.danco.serviñe.HotelRoomService.showFreeRomsAfterDate(HotelRoomService.java:57)
	at com.danco.command.hotelRoomCommand.ShowFreeRomsAfterDate.execute(ShowFreeRomsAfterDate.java:38)
	at com.danco.controller.MenuItems.doAction(MenuItems.java:34)
	at com.danco.controller.Navigator.Navigate(Navigator.java:75)
	at com.danco.controller.Controller.run(Controller.java:18)
	at com.danco.gloomezis.Main.main(Main.java:250)
2016-01-17 23:56:03 ERROR HotelRoomService:91 - Wrong hotel room name
java.lang.NullPointerException
	at com.danco.storages.HotelRoomStorage.showDetailOfHotelRoom(HotelRoomStorage.java:264)
	at com.danco.gloomezis.MainStorage.showDetailOfHotelRoom(MainStorage.java:169)
	at com.danco.serviñe.HotelRoomService.showDetailOfHotelRoom(HotelRoomService.java:89)
	at com.danco.command.hotelRoomCommand.ShowDetailOfHotelRoom.execute(ShowDetailOfHotelRoom.java:28)
	at com.danco.controller.MenuItems.doAction(MenuItems.java:34)
	at com.danco.controller.Navigator.Navigate(Navigator.java:75)
	at com.danco.controller.Controller.run(Controller.java:18)
	at com.danco.gloomezis.Main.main(Main.java:250)
2016-01-17 23:58:52 ERROR HotelRoomService:81 - Wrong hotel room name
java.lang.NullPointerException
	at com.danco.storages.HotelRoomStorage.showLast3GuestOfHotelRoom(HotelRoomStorage.java:303)
	at com.danco.gloomezis.MainStorage.showLast3GuestOfHotelRoom(MainStorage.java:159)
	at com.danco.serviñe.HotelRoomService.showLast3GuestOfHotelRoom(HotelRoomService.java:79)
	at com.danco.command.hotelRoomCommand.ShowLast3GuestOfHotelRoom.execute(ShowLast3GuestOfHotelRoom.java:28)
	at com.danco.controller.MenuItems.doAction(MenuItems.java:34)
	at com.danco.controller.Navigator.Navigate(Navigator.java:75)
	at com.danco.controller.Controller.run(Controller.java:18)
	at com.danco.gloomezis.Main.main(Main.java:250)
2016-01-18 00:08:13 ERROR HotelRoomService:125 - Wrong hotel room name
java.lang.NullPointerException
	at com.danco.storages.HotelRoomStorage.departGuestFromHotelRoom(HotelRoomStorage.java:146)
	at com.danco.gloomezis.MainStorage.departGuestFromHotelRoom(MainStorage.java:197)
	at com.danco.serviñe.HotelRoomService.departGuestFromHotelRoom(HotelRoomService.java:123)
	at com.danco.command.hotelRoomCommand.DepartGuestFromHotelRoom.execute(DepartGuestFromHotelRoom.java:28)
	at com.danco.controller.MenuItems.doAction(MenuItems.java:34)
	at com.danco.controller.Navigator.Navigate(Navigator.java:75)
	at com.danco.controller.Controller.run(Controller.java:18)
	at com.danco.gloomezis.Main.main(Main.java:250)
2016-01-18 00:08:58 ERROR InputManager:88 - Not correct input
java.lang.NumberFormatException: For input string: "asda"
	at java.lang.NumberFormatException.forInputString(Unknown Source)
	at java.lang.Integer.parseInt(Unknown Source)
	at java.lang.Integer.parseInt(Unknown Source)
	at com.danco.command.InputManager.userInputDate(InputManager.java:85)
	at com.danco.command.hotelRoomCommand.SettleGuestToHotelRoom.execute(SettleGuestToHotelRoom.java:45)
	at com.danco.controller.MenuItems.doAction(MenuItems.java:34)
	at com.danco.controller.Navigator.Navigate(Navigator.java:75)
	at com.danco.controller.Controller.run(Controller.java:18)
	at com.danco.gloomezis.Main.main(Main.java:250)
2016-01-18 00:09:43 ERROR InputManager:88 - Not correct input
java.lang.NumberFormatException: For input string: "asd"
	at java.lang.NumberFormatException.forInputString(Unknown Source)
	at java.lang.Integer.parseInt(Unknown Source)
	at java.lang.Integer.parseInt(Unknown Source)
	at com.danco.command.InputManager.userInputDate(InputManager.java:85)
	at com.danco.command.hotelRoomCommand.SettleGuestToHotelRoom.execute(SettleGuestToHotelRoom.java:48)
	at com.danco.controller.MenuItems.doAction(MenuItems.java:34)
	at com.danco.controller.Navigator.Navigate(Navigator.java:75)
	at com.danco.controller.Controller.run(Controller.java:18)
	at com.danco.gloomezis.Main.main(Main.java:250)
2016-01-18 00:12:54 ERROR InputManager:88 - Not correct input
java.lang.NumberFormatException: For input string: "asd"
	at java.lang.NumberFormatException.forInputString(Unknown Source)
	at java.lang.Integer.parseInt(Unknown Source)
	at java.lang.Integer.parseInt(Unknown Source)
	at com.danco.command.InputManager.userInputDate(InputManager.java:85)
	at com.danco.command.hotelRoomCommand.SettleGuestToHotelRoom.execute(SettleGuestToHotelRoom.java:45)
	at com.danco.controller.MenuItems.doAction(MenuItems.java:34)
	at com.danco.controller.Navigator.Navigate(Navigator.java:75)
	at com.danco.controller.Controller.run(Controller.java:18)
	at com.danco.gloomezis.Main.main(Main.java:250)
2016-01-18 00:12:57 ERROR InputManager:88 - Not correct input
java.lang.NumberFormatException: For input string: "asd"
	at java.lang.NumberFormatException.forInputString(Unknown Source)
	at java.lang.Integer.parseInt(Unknown Source)
	at java.lang.Integer.parseInt(Unknown Source)
	at com.danco.command.InputManager.userInputDate(InputManager.java:85)
	at com.danco.command.hotelRoomCommand.SettleGuestToHotelRoom.execute(SettleGuestToHotelRoom.java:48)
	at com.danco.controller.MenuItems.doAction(MenuItems.java:34)
	at com.danco.controller.Navigator.Navigate(Navigator.java:75)
	at com.danco.controller.Controller.run(Controller.java:18)
	at com.danco.gloomezis.Main.main(Main.java:250)
2016-01-18 00:13:47 ERROR HotelRoomService:117 - input does not exist
java.lang.NullPointerException
	at com.danco.storages.HotelRoomStorage.settleGuestToHotelRoom(HotelRoomStorage.java:234)
	at com.danco.gloomezis.MainStorage.settleGuestToHotelRoom(MainStorage.java:184)
	at com.danco.serviñe.HotelRoomService.settleGuestToHotelRoom(HotelRoomService.java:113)
	at com.danco.command.hotelRoomCommand.SettleGuestToHotelRoom.execute(SettleGuestToHotelRoom.java:50)
	at com.danco.controller.MenuItems.doAction(MenuItems.java:34)
	at com.danco.controller.Navigator.Navigate(Navigator.java:75)
	at com.danco.controller.Controller.run(Controller.java:18)
	at com.danco.gloomezis.Main.main(Main.java:250)
2016-01-18 00:14:49 ERROR InputManager:88 - Not correct input
java.lang.NumberFormatException: For input string: "asd"
	at java.lang.NumberFormatException.forInputString(Unknown Source)
	at java.lang.Integer.parseInt(Unknown Source)
	at java.lang.Integer.parseInt(Unknown Source)
	at com.danco.command.InputManager.userInputDate(InputManager.java:85)
	at com.danco.command.hotelRoomCommand.SettleGuestToHotelRoom.execute(SettleGuestToHotelRoom.java:45)
	at com.danco.controller.MenuItems.doAction(MenuItems.java:34)
	at com.danco.controller.Navigator.Navigate(Navigator.java:75)
	at com.danco.controller.Controller.run(Controller.java:18)
	at com.danco.gloomezis.Main.main(Main.java:250)
2016-01-18 00:15:31 ERROR InputManager:88 - Not correct input
java.lang.ArrayIndexOutOfBoundsException: 1
	at com.danco.command.InputManager.userInputDate(InputManager.java:85)
	at com.danco.command.hotelRoomCommand.SettleGuestToHotelRoom.execute(SettleGuestToHotelRoom.java:48)
	at com.danco.controller.MenuItems.doAction(MenuItems.java:34)
	at com.danco.controller.Navigator.Navigate(Navigator.java:75)
	at com.danco.controller.Controller.run(Controller.java:18)
	at com.danco.gloomezis.Main.main(Main.java:250)
2016-01-18 00:16:01 ERROR InputManager:68 - Not correct input
java.util.InputMismatchException
	at java.util.Scanner.throwFor(Unknown Source)
	at java.util.Scanner.next(Unknown Source)
	at java.util.Scanner.nextInt(Unknown Source)
	at java.util.Scanner.nextInt(Unknown Source)
	at com.danco.command.InputManager.userInputInt(InputManager.java:66)
	at com.danco.command.serviceCommand.AddServices.execute(AddServices.java:32)
	at com.danco.controller.MenuItems.doAction(MenuItems.java:34)
	at com.danco.controller.Navigator.Navigate(Navigator.java:75)
	at com.danco.controller.Controller.run(Controller.java:18)
	at com.danco.gloomezis.Main.main(Main.java:250)
2016-01-18 00:16:13 ERROR InputManager:68 - Not correct input
java.util.InputMismatchException
	at java.util.Scanner.throwFor(Unknown Source)
	at java.util.Scanner.next(Unknown Source)
	at java.util.Scanner.nextInt(Unknown Source)
	at java.util.Scanner.nextInt(Unknown Source)
	at com.danco.command.InputManager.userInputInt(InputManager.java:66)
	at com.danco.command.serviceCommand.AddServices.execute(AddServices.java:32)
	at com.danco.controller.MenuItems.doAction(MenuItems.java:34)
	at com.danco.controller.Navigator.Navigate(Navigator.java:75)
	at com.danco.controller.Controller.run(Controller.java:18)
	at com.danco.gloomezis.Main.main(Main.java:250)
2016-01-18 00:16:53 ERROR GuestService:48 - Error in write method/not find file
java.lang.NullPointerException
	at java.util.Calendar.setTime(Unknown Source)
	at java.text.SimpleDateFormat.format(Unknown Source)
	at java.text.SimpleDateFormat.format(Unknown Source)
	at java.text.DateFormat.format(Unknown Source)
	at com.danco.model.Guest.toString(Guest.java:169)
	at com.danco.gloomezis.TxtWorker.writeGuests(TxtWorker.java:39)
	at com.danco.gloomezis.MainStorage.writeGuestToFile(MainStorage.java:84)
	at com.danco.serviñe.GuestService.writeGuestToFile(GuestService.java:46)
	at com.danco.command.guestCommand.WriteGuestToFile.execute(WriteGuestToFile.java:18)
	at com.danco.controller.MenuItems.doAction(MenuItems.java:34)
	at com.danco.controller.Navigator.Navigate(Navigator.java:75)
	at com.danco.controller.Controller.run(Controller.java:18)
	at com.danco.gloomezis.Main.main(Main.java:250)
2016-01-18 00:17:16 ERROR GuestService:48 - Error in write method/not find file
java.lang.NullPointerException
	at java.util.Calendar.setTime(Unknown Source)
	at java.text.SimpleDateFormat.format(Unknown Source)
	at java.text.SimpleDateFormat.format(Unknown Source)
	at java.text.DateFormat.format(Unknown Source)
	at com.danco.model.Guest.toString(Guest.java:169)
	at com.danco.gloomezis.TxtWorker.writeGuests(TxtWorker.java:39)
	at com.danco.gloomezis.MainStorage.writeGuestToFile(MainStorage.java:84)
	at com.danco.serviñe.GuestService.writeGuestToFile(GuestService.java:46)
	at com.danco.command.guestCommand.WriteGuestToFile.execute(WriteGuestToFile.java:18)
	at com.danco.controller.MenuItems.doAction(MenuItems.java:34)
	at com.danco.controller.Navigator.Navigate(Navigator.java:75)
	at com.danco.controller.Controller.run(Controller.java:18)
	at com.danco.gloomezis.Main.main(Main.java:250)
2016-01-18 00:17:18 ERROR GuestService:48 - Error in write method/not find file
java.lang.NullPointerException
	at java.util.Calendar.setTime(Unknown Source)
	at java.text.SimpleDateFormat.format(Unknown Source)
	at java.text.SimpleDateFormat.format(Unknown Source)
	at java.text.DateFormat.format(Unknown Source)
	at com.danco.model.Guest.toString(Guest.java:169)
	at com.danco.gloomezis.TxtWorker.writeGuests(TxtWorker.java:39)
	at com.danco.gloomezis.MainStorage.writeGuestToFile(MainStorage.java:84)
	at com.danco.serviñe.GuestService.writeGuestToFile(GuestService.java:46)
	at com.danco.command.guestCommand.WriteGuestToFile.execute(WriteGuestToFile.java:18)
	at com.danco.controller.MenuItems.doAction(MenuItems.java:34)
	at com.danco.controller.Navigator.Navigate(Navigator.java:75)
	at com.danco.controller.Controller.run(Controller.java:18)
	at com.danco.gloomezis.Main.main(Main.java:250)
2016-01-18 00:19:16 ERROR InputManager:68 - Not correct input
java.util.InputMismatchException
	at java.util.Scanner.throwFor(Unknown Source)
	at java.util.Scanner.next(Unknown Source)
	at java.util.Scanner.nextInt(Unknown Source)
	at java.util.Scanner.nextInt(Unknown Source)
	at com.danco.command.InputManager.userInputInt(InputManager.java:66)
	at com.danco.command.serviceCommand.ChangePriceOfService.execute(ChangePriceOfService.java:33)
	at com.danco.controller.MenuItems.doAction(MenuItems.java:34)
	at com.danco.controller.Navigator.Navigate(Navigator.java:75)
	at com.danco.controller.Controller.run(Controller.java:18)
	at com.danco.gloomezis.Main.main(Main.java:250)
2016-01-18 00:22:28 ERROR ServiceService:69 - Wrong service name
java.lang.NullPointerException
	at com.danco.storages.ServiceStorage.changePriceOfService(ServiceStorage.java:75)
	at com.danco.gloomezis.MainStorage.changePriceOfService(MainStorage.java:389)
	at com.danco.serviñe.ServiceService.changePriceOfService(ServiceService.java:67)
	at com.danco.command.serviceCommand.ChangePriceOfService.execute(ChangePriceOfService.java:36)
	at com.danco.controller.MenuItems.doAction(MenuItems.java:34)
	at com.danco.controller.Navigator.Navigate(Navigator.java:75)
	at com.danco.controller.Controller.run(Controller.java:18)
	at com.danco.gloomezis.Main.main(Main.java:250)
2016-01-18 00:27:53 ERROR InputManager:68 - Not correct input
java.util.InputMismatchException
	at java.util.Scanner.throwFor(Unknown Source)
	at java.util.Scanner.next(Unknown Source)
	at java.util.Scanner.nextInt(Unknown Source)
	at java.util.Scanner.nextInt(Unknown Source)
	at com.danco.command.InputManager.userInputInt(InputManager.java:66)
	at com.danco.command.serviceCommand.ChangePriceOfService.execute(ChangePriceOfService.java:33)
	at com.danco.controller.MenuItems.doAction(MenuItems.java:34)
	at com.danco.controller.Navigator.Navigate(Navigator.java:75)
	at com.danco.controller.Controller.run(Controller.java:18)
	at com.danco.gloomezis.Main.main(Main.java:250)
