2016-01-22 00:35:51 ERROR Serialization:22 - Exception
java.io.NotSerializableException: org.apache.log4j.Logger
	at java.io.ObjectOutputStream.writeObject0(Unknown Source)
	at java.io.ObjectOutputStream.defaultWriteFields(Unknown Source)
	at java.io.ObjectOutputStream.writeSerialData(Unknown Source)
	at java.io.ObjectOutputStream.writeOrdinaryObject(Unknown Source)
	at java.io.ObjectOutputStream.writeObject0(Unknown Source)
	at java.io.ObjectOutputStream.writeObject(Unknown Source)
	at com.danco.util.Serialization.serialToFile(Serialization.java:20)
	at com.danco.util.SerializeController.serialToFile(SerializeController.java:19)
	at com.danco.ui.Start.main(Start.java:238)
2016-01-22 00:35:51 ERROR DataSerializer:31 - Exception
java.io.NotSerializableException: org.apache.log4j.Logger
	at java.io.ObjectOutputStream.writeObject0(Unknown Source)
	at java.io.ObjectOutputStream.defaultWriteFields(Unknown Source)
	at java.io.ObjectOutputStream.writeSerialData(Unknown Source)
	at java.io.ObjectOutputStream.writeOrdinaryObject(Unknown Source)
	at java.io.ObjectOutputStream.writeObject0(Unknown Source)
	at java.io.ObjectOutputStream.writeObject(Unknown Source)
	at com.danco.util.DataSerializer.saveData(DataSerializer.java:28)
	at com.danco.ui.Start.main(Start.java:240)
2016-01-22 00:38:03 ERROR DataSerializer:31 - Exception
java.io.NotSerializableException: org.apache.log4j.Logger
	at java.io.ObjectOutputStream.writeObject0(Unknown Source)
	at java.io.ObjectOutputStream.defaultWriteFields(Unknown Source)
	at java.io.ObjectOutputStream.writeSerialData(Unknown Source)
	at java.io.ObjectOutputStream.writeOrdinaryObject(Unknown Source)
	at java.io.ObjectOutputStream.writeObject0(Unknown Source)
	at java.io.ObjectOutputStream.writeObject(Unknown Source)
	at com.danco.util.DataSerializer.saveData(DataSerializer.java:28)
	at com.danco.ui.Start.main(Start.java:240)
2016-01-22 00:39:51 ERROR Serialization:22 - Exception
java.io.NotSerializableException: org.apache.log4j.Logger
	at java.io.ObjectOutputStream.writeObject0(Unknown Source)
	at java.io.ObjectOutputStream.defaultWriteFields(Unknown Source)
	at java.io.ObjectOutputStream.writeSerialData(Unknown Source)
	at java.io.ObjectOutputStream.writeOrdinaryObject(Unknown Source)
	at java.io.ObjectOutputStream.writeObject0(Unknown Source)
	at java.io.ObjectOutputStream.writeObject(Unknown Source)
	at com.danco.util.Serialization.serialToFile(Serialization.java:20)
	at com.danco.util.SerializeController.serialToFile(SerializeController.java:19)
	at com.danco.ui.Start.main(Start.java:238)
2016-01-22 00:40:36 ERROR Serialization:22 - Exception
java.io.NotSerializableException: org.apache.log4j.Logger
	at java.io.ObjectOutputStream.writeObject0(Unknown Source)
	at java.io.ObjectOutputStream.defaultWriteFields(Unknown Source)
	at java.io.ObjectOutputStream.writeSerialData(Unknown Source)
	at java.io.ObjectOutputStream.writeOrdinaryObject(Unknown Source)
	at java.io.ObjectOutputStream.writeObject0(Unknown Source)
	at java.io.ObjectOutputStream.writeObject(Unknown Source)
	at com.danco.util.Serialization.serialToFile(Serialization.java:20)
	at com.danco.util.SerializeController.serialToFile(SerializeController.java:19)
	at com.danco.ui.Start.main(Start.java:236)
2016-01-22 00:43:48 ERROR Serialization:34 - Exception
java.io.WriteAbortedException: writing aborted; java.io.NotSerializableException: org.apache.log4j.Logger
	at java.io.ObjectInputStream.readObject0(Unknown Source)
	at java.io.ObjectInputStream.defaultReadFields(Unknown Source)
	at java.io.ObjectInputStream.readSerialData(Unknown Source)
	at java.io.ObjectInputStream.readOrdinaryObject(Unknown Source)
	at java.io.ObjectInputStream.readObject0(Unknown Source)
	at java.io.ObjectInputStream.readObject(Unknown Source)
	at com.danco.util.Serialization.serialFromFile(Serialization.java:31)
	at com.danco.util.SerializeController.serialFromFile(SerializeController.java:23)
	at com.danco.ui.Start.main(Start.java:242)
Caused by: java.io.NotSerializableException: org.apache.log4j.Logger
	at java.io.ObjectOutputStream.writeObject0(Unknown Source)
	at java.io.ObjectOutputStream.defaultWriteFields(Unknown Source)
	at java.io.ObjectOutputStream.writeSerialData(Unknown Source)
	at java.io.ObjectOutputStream.writeOrdinaryObject(Unknown Source)
	at java.io.ObjectOutputStream.writeObject0(Unknown Source)
	at java.io.ObjectOutputStream.writeObject(Unknown Source)
	at com.danco.util.Serialization.serialToFile(Serialization.java:20)
	at com.danco.util.SerializeController.serialToFile(SerializeController.java:19)
	at com.danco.ui.Start.main(Start.java:236)
2016-01-22 00:47:58 ERROR DataDeserializer:31 - Exception
java.io.WriteAbortedException: writing aborted; java.io.NotSerializableException: org.apache.log4j.Logger
	at java.io.ObjectInputStream.readObject0(Unknown Source)
	at java.io.ObjectInputStream.defaultReadFields(Unknown Source)
	at java.io.ObjectInputStream.readSerialData(Unknown Source)
	at java.io.ObjectInputStream.readOrdinaryObject(Unknown Source)
	at java.io.ObjectInputStream.readObject0(Unknown Source)
	at java.io.ObjectInputStream.readObject(Unknown Source)
	at com.danco.util.DataDeserializer.getDataObjects(DataDeserializer.java:29)
	at com.danco.ui.Start.main(Start.java:245)
Caused by: java.io.NotSerializableException: org.apache.log4j.Logger
	at java.io.ObjectOutputStream.writeObject0(Unknown Source)
	at java.io.ObjectOutputStream.defaultWriteFields(Unknown Source)
	at java.io.ObjectOutputStream.writeSerialData(Unknown Source)
	at java.io.ObjectOutputStream.writeOrdinaryObject(Unknown Source)
	at java.io.ObjectOutputStream.writeObject0(Unknown Source)
	at java.io.ObjectOutputStream.writeObject(Unknown Source)
	at com.danco.util.Serialization.serialToFile(Serialization.java:20)
	at com.danco.util.SerializeController.serialToFile(SerializeController.java:19)
	at com.danco.ui.Start.main(Start.java:236)
2016-01-22 10:02:43 ERROR Serialization:23 - Exception
java.io.NotSerializableException: org.apache.log4j.Logger
	at java.io.ObjectOutputStream.writeObject0(Unknown Source)
	at java.io.ObjectOutputStream.defaultWriteFields(Unknown Source)
	at java.io.ObjectOutputStream.writeSerialData(Unknown Source)
	at java.io.ObjectOutputStream.writeOrdinaryObject(Unknown Source)
	at java.io.ObjectOutputStream.writeObject0(Unknown Source)
	at java.io.ObjectOutputStream.writeObject(Unknown Source)
	at com.danco.util.Serialization.serialToFile(Serialization.java:20)
	at com.danco.controller.SerializeController.serialToFile(SerializeController.java:21)
	at com.danco.ui.Start.main(Start.java:231)
2016-01-22 10:02:43 ERROR Serialization:36 - Exception
java.io.WriteAbortedException: writing aborted; java.io.NotSerializableException: org.apache.log4j.Logger
	at java.io.ObjectInputStream.readObject0(Unknown Source)
	at java.io.ObjectInputStream.defaultReadFields(Unknown Source)
	at java.io.ObjectInputStream.readSerialData(Unknown Source)
	at java.io.ObjectInputStream.readOrdinaryObject(Unknown Source)
	at java.io.ObjectInputStream.readObject0(Unknown Source)
	at java.io.ObjectInputStream.readObject(Unknown Source)
	at com.danco.util.Serialization.serialFromFile(Serialization.java:32)
	at com.danco.controller.SerializeController.serialFromFile(SerializeController.java:25)
	at com.danco.ui.Start.main(Start.java:233)
Caused by: java.io.NotSerializableException: org.apache.log4j.Logger
	at java.io.ObjectOutputStream.writeObject0(Unknown Source)
	at java.io.ObjectOutputStream.defaultWriteFields(Unknown Source)
	at java.io.ObjectOutputStream.writeSerialData(Unknown Source)
	at java.io.ObjectOutputStream.writeOrdinaryObject(Unknown Source)
	at java.io.ObjectOutputStream.writeObject0(Unknown Source)
	at java.io.ObjectOutputStream.writeObject(Unknown Source)
	at com.danco.util.Serialization.serialToFile(Serialization.java:20)
	at com.danco.controller.SerializeController.serialToFile(SerializeController.java:21)
	at com.danco.ui.Start.main(Start.java:231)
2016-01-22 10:03:30 ERROR Serialization:36 - Exception
java.io.WriteAbortedException: writing aborted; java.io.NotSerializableException: org.apache.log4j.Logger
	at java.io.ObjectInputStream.readObject0(Unknown Source)
	at java.io.ObjectInputStream.defaultReadFields(Unknown Source)
	at java.io.ObjectInputStream.readSerialData(Unknown Source)
	at java.io.ObjectInputStream.readOrdinaryObject(Unknown Source)
	at java.io.ObjectInputStream.readObject0(Unknown Source)
	at java.io.ObjectInputStream.readObject(Unknown Source)
	at com.danco.util.Serialization.serialFromFile(Serialization.java:32)
	at com.danco.controller.SerializeController.serialFromFile(SerializeController.java:25)
	at com.danco.ui.Start.main(Start.java:233)
Caused by: java.io.NotSerializableException: org.apache.log4j.Logger
	at java.io.ObjectOutputStream.writeObject0(Unknown Source)
	at java.io.ObjectOutputStream.defaultWriteFields(Unknown Source)
	at java.io.ObjectOutputStream.writeSerialData(Unknown Source)
	at java.io.ObjectOutputStream.writeOrdinaryObject(Unknown Source)
	at java.io.ObjectOutputStream.writeObject0(Unknown Source)
	at java.io.ObjectOutputStream.writeObject(Unknown Source)
	at com.danco.util.Serialization.serialToFile(Serialization.java:20)
	at com.danco.controller.SerializeController.serialToFile(SerializeController.java:21)
	at com.danco.ui.Start.main(Start.java:231)
2016-01-22 10:14:03 ERROR Serialization:36 - Exception
java.io.WriteAbortedException: writing aborted; java.io.NotSerializableException: org.apache.log4j.Logger
	at java.io.ObjectInputStream.readObject0(Unknown Source)
	at java.io.ObjectInputStream.defaultReadFields(Unknown Source)
	at java.io.ObjectInputStream.readSerialData(Unknown Source)
	at java.io.ObjectInputStream.readOrdinaryObject(Unknown Source)
	at java.io.ObjectInputStream.readObject0(Unknown Source)
	at java.io.ObjectInputStream.readObject(Unknown Source)
	at com.danco.util.Serialization.serialFromFile(Serialization.java:32)
	at com.danco.controller.SerializeController.serialFromFile(SerializeController.java:25)
	at com.danco.ui.Start.main(Start.java:233)
Caused by: java.io.NotSerializableException: org.apache.log4j.Logger
	at java.io.ObjectOutputStream.writeObject0(Unknown Source)
	at java.io.ObjectOutputStream.defaultWriteFields(Unknown Source)
	at java.io.ObjectOutputStream.writeSerialData(Unknown Source)
	at java.io.ObjectOutputStream.writeOrdinaryObject(Unknown Source)
	at java.io.ObjectOutputStream.writeObject0(Unknown Source)
	at java.io.ObjectOutputStream.writeObject(Unknown Source)
	at com.danco.util.Serialization.serialToFile(Serialization.java:20)
	at com.danco.controller.SerializeController.serialToFile(SerializeController.java:21)
	at com.danco.ui.Start.main(Start.java:231)
2016-01-22 10:18:24 ERROR Serialization:36 - Exception
java.io.WriteAbortedException: writing aborted; java.io.NotSerializableException: org.apache.log4j.Logger
	at java.io.ObjectInputStream.readObject0(Unknown Source)
	at java.io.ObjectInputStream.defaultReadFields(Unknown Source)
	at java.io.ObjectInputStream.readSerialData(Unknown Source)
	at java.io.ObjectInputStream.readOrdinaryObject(Unknown Source)
	at java.io.ObjectInputStream.readObject0(Unknown Source)
	at java.io.ObjectInputStream.readObject(Unknown Source)
	at com.danco.util.Serialization.serialFromFile(Serialization.java:32)
	at com.danco.controller.SerializeController.serialFromFile(SerializeController.java:25)
	at com.danco.ui.Start.main(Start.java:233)
Caused by: java.io.NotSerializableException: org.apache.log4j.Logger
	at java.io.ObjectOutputStream.writeObject0(Unknown Source)
	at java.io.ObjectOutputStream.defaultWriteFields(Unknown Source)
	at java.io.ObjectOutputStream.writeSerialData(Unknown Source)
	at java.io.ObjectOutputStream.writeOrdinaryObject(Unknown Source)
	at java.io.ObjectOutputStream.writeObject0(Unknown Source)
	at java.io.ObjectOutputStream.writeObject(Unknown Source)
	at com.danco.util.Serialization.serialToFile(Serialization.java:20)
	at com.danco.controller.SerializeController.serialToFile(SerializeController.java:21)
	at com.danco.ui.Start.main(Start.java:231)
2016-01-22 10:21:49 ERROR Serialization:36 - Exception
java.io.WriteAbortedException: writing aborted; java.io.NotSerializableException: org.apache.log4j.Logger
	at java.io.ObjectInputStream.readObject0(Unknown Source)
	at java.io.ObjectInputStream.defaultReadFields(Unknown Source)
	at java.io.ObjectInputStream.readSerialData(Unknown Source)
	at java.io.ObjectInputStream.readOrdinaryObject(Unknown Source)
	at java.io.ObjectInputStream.readObject0(Unknown Source)
	at java.io.ObjectInputStream.readObject(Unknown Source)
	at com.danco.util.Serialization.serialFromFile(Serialization.java:32)
	at com.danco.controller.SerializeController.serialFromFile(SerializeController.java:25)
	at com.danco.ui.Start.main(Start.java:233)
Caused by: java.io.NotSerializableException: org.apache.log4j.Logger
	at java.io.ObjectOutputStream.writeObject0(Unknown Source)
	at java.io.ObjectOutputStream.defaultWriteFields(Unknown Source)
	at java.io.ObjectOutputStream.writeSerialData(Unknown Source)
	at java.io.ObjectOutputStream.writeOrdinaryObject(Unknown Source)
	at java.io.ObjectOutputStream.writeObject0(Unknown Source)
	at java.io.ObjectOutputStream.writeObject(Unknown Source)
	at com.danco.util.Serialization.serialToFile(Serialization.java:20)
	at com.danco.controller.SerializeController.serialToFile(SerializeController.java:21)
	at com.danco.ui.Start.main(Start.java:231)
2016-01-22 10:39:35 ERROR Serialization:48 - Exception
java.lang.NullPointerException
	at java.io.FileInputStream.<init>(Unknown Source)
	at java.io.FileInputStream.<init>(Unknown Source)
	at com.danco.util.Serialization.serialFromFile(Serialization.java:42)
	at com.danco.controller.SerializeController.serialFromFile(SerializeController.java:47)
	at com.danco.ui.Start.main(Start.java:233)
2016-01-22 10:41:23 ERROR Serialization:48 - Exception
java.io.WriteAbortedException: writing aborted; java.io.NotSerializableException: org.apache.log4j.Logger
	at java.io.ObjectInputStream.readObject0(Unknown Source)
	at java.io.ObjectInputStream.defaultReadFields(Unknown Source)
	at java.io.ObjectInputStream.readSerialData(Unknown Source)
	at java.io.ObjectInputStream.readOrdinaryObject(Unknown Source)
	at java.io.ObjectInputStream.readObject0(Unknown Source)
	at java.io.ObjectInputStream.readObject(Unknown Source)
	at com.danco.util.Serialization.serialFromFile(Serialization.java:44)
	at com.danco.controller.SerializeController.serialFromFile(SerializeController.java:47)
	at com.danco.ui.Start.main(Start.java:233)
Caused by: java.io.NotSerializableException: org.apache.log4j.Logger
	at java.io.ObjectOutputStream.writeObject0(Unknown Source)
	at java.io.ObjectOutputStream.defaultWriteFields(Unknown Source)
	at java.io.ObjectOutputStream.writeSerialData(Unknown Source)
	at java.io.ObjectOutputStream.writeOrdinaryObject(Unknown Source)
	at java.io.ObjectOutputStream.writeObject0(Unknown Source)
	at java.io.ObjectOutputStream.writeObject(Unknown Source)
	at com.danco.util.Serialization.serialToFile(Serialization.java:20)
	at com.danco.controller.SerializeController.serialToFile(SerializeController.java:21)
	at com.danco.ui.Start.main(Start.java:231)
2016-01-22 10:47:05 ERROR Serialization:48 - Exception
java.io.FileNotFoundException: newSerialisationFile.ser (ÕÂ Û‰‡ÂÚÒˇ Ì‡ÈÚË ÛÍ‡Á‡ÌÌ˚È Ù‡ÈÎ)
	at java.io.FileInputStream.open0(Native Method)
	at java.io.FileInputStream.open(Unknown Source)
	at java.io.FileInputStream.<init>(Unknown Source)
	at java.io.FileInputStream.<init>(Unknown Source)
	at com.danco.util.Serialization.serialFromFile(Serialization.java:42)
	at com.danco.controller.SerializeController.serialFromFile(SerializeController.java:47)
	at com.danco.ui.Start.main(Start.java:233)
2016-01-22 11:17:10 ERROR HotelRoomService:280 - Exception
java.lang.NullPointerException
	at com.danco.storages.HotelRoomStorage.cloneHotelRoom(HotelRoomStorage.java:388)
	at com.danco.storages.MainStorage.cloneHotelRoom(MainStorage.java:275)
	at com.danco.serviÒe.HotelRoomService.cloneHotelRoom(HotelRoomService.java:278)
	at com.danco.controller.HotelRoomController.cloneHotelRoom(HotelRoomController.java:350)
	at com.danco.controller.MainController.cloneHotelRoom(MainController.java:235)
	at com.danco.command.hotelRoomCommand.CloneHotelRoom.execute(CloneHotelRoom.java:24)
	at com.danco.ui.MenuItems.doAction(MenuItems.java:50)
	at com.danco.ui.Navigator.navigate(Navigator.java:75)
	at com.danco.ui.Controller.run(Controller.java:23)
	at com.danco.ui.Start.main(Start.java:242)
2016-01-22 13:17:57 ERROR HotelRoomService:202 - Wrong hotel room name
java.lang.NullPointerException
	at com.danco.storages.HotelRoomStorage.departGuestFromHotelRoom(HotelRoomStorage.java:151)
	at com.danco.storages.MainStorage.departGuestFromHotelRoom(MainStorage.java:200)
	at com.danco.serviÒe.HotelRoomService.departGuestFromHotelRoom(HotelRoomService.java:200)
	at com.danco.controller.HotelRoomController.departGuestFromHotelRoom(HotelRoomController.java:273)
	at com.danco.controller.MainController.departGuestFromHotelRoom(MainController.java:192)
	at com.danco.command.hotelRoomCommand.DepartGuestFromHotelRoom.execute(DepartGuestFromHotelRoom.java:20)
	at com.danco.ui.MenuItems.doAction(MenuItems.java:50)
	at com.danco.ui.Navigator.navigate(Navigator.java:75)
	at com.danco.ui.Controller.run(Controller.java:23)
	at com.danco.ui.Start.main(Start.java:242)
2016-01-22 14:11:14 ERROR HotelRoomService:202 - Wrong hotel room name
java.lang.NullPointerException
	at com.danco.storages.HotelRoomStorage.departGuestFromHotelRoom(HotelRoomStorage.java:151)
	at com.danco.storages.MainStorage.departGuestFromHotelRoom(MainStorage.java:200)
	at com.danco.serviÒe.HotelRoomService.departGuestFromHotelRoom(HotelRoomService.java:200)
	at com.danco.controller.HotelRoomController.departGuestFromHotelRoom(HotelRoomController.java:273)
	at com.danco.controller.MainController.departGuestFromHotelRoom(MainController.java:192)
	at com.danco.command.hotelRoomCommand.DepartGuestFromHotelRoom.execute(DepartGuestFromHotelRoom.java:20)
	at com.danco.ui.MenuItems.doAction(MenuItems.java:50)
	at com.danco.ui.Navigator.navigate(Navigator.java:75)
	at com.danco.ui.Controller.run(Controller.java:23)
	at com.danco.ui.Start.main(Start.java:242)
2016-01-22 14:26:23 ERROR InputManager:92 - Input  error
java.lang.NumberFormatException: For input string: "qr"
	at java.lang.NumberFormatException.forInputString(Unknown Source)
	at java.lang.Integer.parseInt(Unknown Source)
	at java.lang.Integer.parseInt(Unknown Source)
	at com.danco.util.InputManager.userInputDate(InputManager.java:89)
	at com.danco.controller.HotelRoomController.settleGuestToHotelRoom(HotelRoomController.java:250)
	at com.danco.controller.MainController.settleGuestToHotelRoom(MainController.java:181)
	at com.danco.command.hotelRoomCommand.SettleGuestToHotelRoom.execute(SettleGuestToHotelRoom.java:19)
	at com.danco.ui.MenuItems.doAction(MenuItems.java:50)
	at com.danco.ui.Navigator.navigate(Navigator.java:75)
	at com.danco.ui.Controller.run(Controller.java:23)
	at com.danco.ui.Start.main(Start.java:242)
2016-01-22 14:26:26 ERROR InputManager:92 - Input  error
java.lang.NumberFormatException: For input string: "qr"
	at java.lang.NumberFormatException.forInputString(Unknown Source)
	at java.lang.Integer.parseInt(Unknown Source)
	at java.lang.Integer.parseInt(Unknown Source)
	at com.danco.util.InputManager.userInputDate(InputManager.java:89)
	at com.danco.controller.HotelRoomController.settleGuestToHotelRoom(HotelRoomController.java:253)
	at com.danco.controller.MainController.settleGuestToHotelRoom(MainController.java:181)
	at com.danco.command.hotelRoomCommand.SettleGuestToHotelRoom.execute(SettleGuestToHotelRoom.java:19)
	at com.danco.ui.MenuItems.doAction(MenuItems.java:50)
	at com.danco.ui.Navigator.navigate(Navigator.java:75)
	at com.danco.ui.Controller.run(Controller.java:23)
	at com.danco.ui.Start.main(Start.java:242)
2016-01-22 14:26:26 ERROR HotelRoomService:186 - input does not exist
java.lang.NullPointerException
	at com.danco.storages.HotelRoomStorage.settleGuestToHotelRoom(HotelRoomStorage.java:209)
	at com.danco.storages.MainStorage.settleGuestToHotelRoom(MainStorage.java:185)
	at com.danco.serviÒe.HotelRoomService.settleGuestToHotelRoom(HotelRoomService.java:184)
	at com.danco.controller.HotelRoomController.settleGuestToHotelRoom(HotelRoomController.java:255)
	at com.danco.controller.MainController.settleGuestToHotelRoom(MainController.java:181)
	at com.danco.command.hotelRoomCommand.SettleGuestToHotelRoom.execute(SettleGuestToHotelRoom.java:19)
	at com.danco.ui.MenuItems.doAction(MenuItems.java:50)
	at com.danco.ui.Navigator.navigate(Navigator.java:75)
	at com.danco.ui.Controller.run(Controller.java:23)
	at com.danco.ui.Start.main(Start.java:242)
2016-01-22 14:26:26 ERROR HotelRoomService:186 - input does not exist
java.lang.NullPointerException
	at com.danco.storages.HotelRoomStorage.settleGuestToHotelRoom(HotelRoomStorage.java:209)
	at com.danco.storages.MainStorage.settleGuestToHotelRoom(MainStorage.java:185)
	at com.danco.serviÒe.HotelRoomService.settleGuestToHotelRoom(HotelRoomService.java:184)
	at com.danco.controller.HotelRoomController.settleGuestToHotelRoom(HotelRoomController.java:257)
	at com.danco.controller.MainController.settleGuestToHotelRoom(MainController.java:181)
	at com.danco.command.hotelRoomCommand.SettleGuestToHotelRoom.execute(SettleGuestToHotelRoom.java:19)
	at com.danco.ui.MenuItems.doAction(MenuItems.java:50)
	at com.danco.ui.Navigator.navigate(Navigator.java:75)
	at com.danco.ui.Controller.run(Controller.java:23)
	at com.danco.ui.Start.main(Start.java:242)
